<?xml version="1.0" encoding="utf-8"?>
<TestRun id="53b346a2-4189-4ad4-813e-f531105b25ca" name="@Marks-Mac-mini 2025-09-16 08:36:47" xmlns="http://microsoft.com/schemas/VisualStudio/TeamTest/2010">
  <Times creation="2025-09-16T08:36:47.4432560+01:00" queuing="2025-09-16T08:36:47.4432560+01:00" start="2025-09-16T08:36:47.0553490+01:00" finish="2025-09-16T08:36:47.4469890+01:00" />
  <TestSettings name="default" id="7b84a0bb-327f-4e8d-a152-80271a457aa5">
    <Deployment runDeploymentRoot="_Marks-Mac-mini_2025-09-16_08_36_47" />
  </TestSettings>
  <Results>
    <UnitTestResult executionId="09caf7d0-06aa-49d1-ac77-84dc43cc23aa" testId="1a32e2df-10a4-9eda-26e0-d3452501de6a" testName="Dashboard.Blazor.Tests.UnitTest1.Test1" computerName="Marks-Mac-mini" duration="00:00:00.0011734" startTime="2025-09-16T08:36:47.3977890+01:00" endTime="2025-09-16T08:36:47.3977980+01:00" testType="13cdc9d9-ddb5-4fa4-a97d-d965ccfc6d4b" outcome="Passed" testListId="8c84fa94-04c1-424b-9868-57a2d4851a1d" relativeResultsDirectory="09caf7d0-06aa-49d1-ac77-84dc43cc23aa" />
  </Results>
  <TestDefinitions>
    <UnitTest name="Dashboard.Blazor.Tests.UnitTest1.Test1" storage="/users/markgreen/developer/glitter-roller/blazor/dashboard.blazor.tests/bin/debug/net8.0/dashboard.blazor.tests.dll" id="1a32e2df-10a4-9eda-26e0-d3452501de6a">
      <Execution id="09caf7d0-06aa-49d1-ac77-84dc43cc23aa" />
      <TestMethod codeBase="/Users/markgreen/Developer/glitter-roller/Blazor/Dashboard.Blazor.Tests/bin/Debug/net8.0/Dashboard.Blazor.Tests.dll" adapterTypeName="executor://xunit/VsTestRunner2/netcoreapp" className="Dashboard.Blazor.Tests.UnitTest1" name="Test1" />
    </UnitTest>
  </TestDefinitions>
  <TestEntries>
    <TestEntry testId="1a32e2df-10a4-9eda-26e0-d3452501de6a" executionId="09caf7d0-06aa-49d1-ac77-84dc43cc23aa" testListId="8c84fa94-04c1-424b-9868-57a2d4851a1d" />
  </TestEntries>
  <TestLists>
    <TestList name="Results Not in a List" id="8c84fa94-04c1-424b-9868-57a2d4851a1d" />
    <TestList name="All Loaded Results" id="19431567-8539-422a-85d7-44ee4e166bda" />
  </TestLists>
  <ResultSummary outcome="Completed">
    <Counters total="1" executed="1" passed="1" failed="0" error="0" timeout="0" aborted="0" inconclusive="0" passedButRunAborted="0" notRunnable="0" notExecuted="0" disconnected="0" warning="0" completed="0" inProgress="0" pending="0" />
    <Output>
      <StdOut>[xUnit.net 00:00:00.00] xUnit.net VSTest Adapter v2.8.2+699d445a1a (64-bit .NET 8.0.19)
[xUnit.net 00:00:00.03]   Starting:    Dashboard.Blazor.Tests
[xUnit.net 00:00:00.05]   Finished:    Dashboard.Blazor.Tests
</StdOut>
    </Output>
    <RunInfos>
      <RunInfo computerName="Marks-Mac-mini" outcome="Warning" timestamp="2025-09-16T08:36:47.2838770+01:00">
        <Text>Data collection : Unable to find a datacollector with friendly name 'Code Coverage'.</Text>
      </RunInfo>
      <RunInfo computerName="Marks-Mac-mini" outcome="Warning" timestamp="2025-09-16T08:36:47.2839120+01:00">
        <Text>Data collection : Could not find data collector 'Code Coverage'</Text>
      </RunInfo>
    </RunInfos>
  </ResultSummary>
</TestRun>